[6336] 26 Jul 21:04:23.203 # oO0OoO0OoO0Oo Redis is starting oO0OoO0OoO0Oo
[6336] 26 Jul 21:04:23.203 # Redis version=5.0.14.1, bits=64, commit=ec77f72d, modified=0, pid=6336, just started
[6336] 26 Jul 21:04:23.203 # Configuration loaded
[6336] 26 Jul 21:04:23.225 * Running mode=standalone, port=6379.
[6336] 26 Jul 21:04:23.225 # Server initialized
[6336] 26 Jul 21:04:23.226 * Ready to accept connections
[6336] 26 Jul 21:19:24.088 * 1 changes in 900 seconds. Saving...
[6336] 26 Jul 21:19:24.128 * Background saving started by pid 1932
[6336] 26 Jul 21:19:24.572 # fork operation complete
[6336] 26 Jul 21:19:24.646 * Background saving terminated with success
[6336] 26 Jul 21:24:25.112 * 10 changes in 300 seconds. Saving...
[6336] 26 Jul 21:24:25.347 * Background saving started by pid 7952
[6336] 26 Jul 21:24:25.672 # fork operation complete
[6336] 26 Jul 21:24:25.702 * Background saving terminated with success
[6336] 26 Jul 21:29:26.043 * 10 changes in 300 seconds. Saving...
[6336] 26 Jul 21:29:26.085 * Background saving started by pid 4672
[6336] 26 Jul 21:29:26.683 # fork operation complete
[6336] 26 Jul 21:29:27.099 * Background saving terminated with success
[6336] 26 Jul 21:44:28.012 * 1 changes in 900 seconds. Saving...
[6336] 26 Jul 21:44:28.030 * Background saving started by pid 5324
[6336] 26 Jul 21:44:28.476 # fork operation complete
[6336] 26 Jul 21:44:28.517 * Background saving terminated with success
[2636] 09 Aug 13:06:39.153 # oO0OoO0OoO0Oo Redis is starting oO0OoO0OoO0Oo
[2636] 09 Aug 13:06:39.153 # Redis version=5.0.14.1, bits=64, commit=ec77f72d, modified=0, pid=2636, just started
[2636] 09 Aug 13:06:39.153 # Configuration loaded
[2636] 09 Aug 13:06:39.169 * Running mode=standalone, port=6379.
[2636] 09 Aug 13:06:39.169 # Server initialized
[2636] 09 Aug 13:06:39.453 * DB loaded from append only file: 0.276 seconds
[2636] 09 Aug 13:06:39.453 * Ready to accept connections
